<?xml version="1.0" encoding="UTF-8"?>
<!-- Generated by org.testng.reporters.JUnitReportReporter -->
<testsuite skipped="0" hostname="ADMIN-PC" name="testng.P9" tests="13" failures="0" timestamp="15 Sep 2020 07:35:40 GMT" time="0.019" errors="0">
  <testcase name="apple" time="0.003" classname="testng.P9"/>
  <testcase name="carrot" time="0.000" classname="testng.P9"/>
  <testcase name="carrot" time="0.000" classname="testng.P9"/>
  <testcase name="apple" time="0.000" classname="testng.P9"/>
  <testcase name="apple" time="0.000" classname="testng.P9"/>
  <testcase name="apple" time="0.000" classname="testng.P9"/>
  <testcase name="apple" time="0.016" classname="testng.P9"/>
  <testcase name="basket" time="0.000" classname="testng.P9"/>
  <testcase name="apple" time="0.000" classname="testng.P9"/>
  <testcase name="carrot" time="0.000" classname="testng.P9"/>
  <testcase name="basket" time="0.000" classname="testng.P9"/>
  <testcase name="apple" time="0.000" classname="testng.P9"/>
  <testcase name="carrot" time="0.000" classname="testng.P9"/>
</testsuite> <!-- testng.P9 -->
