<?xml version="1.0" encoding="UTF-8"?>
<!-- Generated by org.testng.reporters.JUnitReportReporter -->
<testsuite skipped="0" hostname="ADMIN-PC" name="testng.P6" tests="3" failures="0" timestamp="15 Sep 2020 07:16:58 GMT" time="0.016" errors="0">
  <testcase name="openApp" time="0.016" classname="testng.P6"/>
  <testcase name="useApp" time="0.000" classname="testng.P6"/>
  <testcase name="closeApp" time="0.000" classname="testng.P6"/>
</testsuite> <!-- testng.P6 -->
