<?xml version="1.0" encoding="UTF-8"?>
<!-- Generated by org.testng.reporters.JUnitReportReporter -->
<testsuite skipped="0" hostname="ADMIN-PC" name="testng.P7" tests="3" failures="0" timestamp="15 Sep 2020 07:24:18 GMT" time="0.000" errors="0">
  <testcase name="apple" time="0.000" classname="testng.P7"/>
  <testcase name="basket" time="0.000" classname="testng.P7"/>
  <testcase name="carrot" time="0.000" classname="testng.P7"/>
</testsuite> <!-- testng.P7 -->
