<?xml version="1.0" encoding="UTF-8"?>
<!-- Generated by org.testng.reporters.JUnitReportReporter -->
<testsuite skipped="0" hostname="ADMIN-PC" name="testng.P8" tests="3" failures="0" timestamp="15 Sep 2020 07:27:45 GMT" time="0.016" errors="0">
  <testcase name="apple" time="0.016" classname="testng.P8"/>
  <testcase name="basket" time="0.000" classname="testng.P8"/>
  <testcase name="carrot" time="0.000" classname="testng.P8"/>
</testsuite> <!-- testng.P8 -->
